<?xml version="1.0" encoding="UTF-8"?>
<!-- Generated by org.testng.reporters.JUnitReportReporter -->
<testsuite hostname="DESKTOP-7OHELTQ" name="com.tests.MasterCheckout" tests="1" failures="0" timestamp="20 Jan 2017 02:15:52 GMT" time="88.446" errors="0">
  <testcase name="master" time="88.446" classname="com.tests.MasterCheckout"/>
</testsuite> <!-- com.tests.MasterCheckout -->
