<?xml version="1.0" encoding="UTF-8"?>
<!-- Generated by org.testng.reporters.JUnitReportReporter -->
<testsuite hostname="DESKTOP-7OHELTQ" name="com.tests.MasterCheckout" tests="1" failures="0" timestamp="16 Jan 2017 00:36:01 GMT" time="116.772" errors="0">
  <testcase name="master" time="116.772" classname="com.tests.MasterCheckout"/>
</testsuite> <!-- com.tests.MasterCheckout -->
